
==================================
Új üzenet érkezett: 2026-02-07 18:55:22
==================================
Név: Endi
Email: endy_311@hotmail.com

Üzenet:
----------------------------------
HALI
----------------------------------


=== Új üzenet: 2026-02-07 19:03:06 ===
Név: Endi
Email: endy_311@hotmail.com
Üzenet: HALI

=== Új üzenet: 2026-02-07 19:06:48 ===
Név: Endi
Email: endy_311@hotmail.com
Üzenet: HALI

=== Új üzenet: 2026-02-07 19:08:51 ===
Név: Endi
Email: endy_311@hotmail.com
Üzenet: HALI

=== Új üzenet: 2026-02-07 19:09:33 ===
Név: Endi
Email: endy_311@hotmail.com
Üzenet: HALI

=== Új üzenet: 2026-02-07 19:31:06 ===
Név: Endi
Email: endy_311@hotmail.com
Üzenet: HALI

=== Új üzenet: 2026-02-07 19:32:05 ===
Név: Endy
Email: endy_311@hotmail.com
Üzenet: HALI

=== Új üzenet: 2026-02-07 19:33:57 ===
Név: Endi
Email: endy_311@hotmail.com
Üzenet: HALI

=== Új üzenet: 2026-02-07 19:36:41 ===
Név: Endi
Email: endy_311@hotmai.com
Üzenet: HALI

=== Új üzenet: 2026-02-07 19:39:47 ===
Név: Kovrat
Email: byekovrat@gmail.com
Üzenet: Nagyon jó a fólia! Lehetnének tokok is! Mikor lesz újra iPhone 14 re fólia?

=== Új üzenet: 2026-02-07 20:04:02 ===
Név: ,,,,
Email: byekovrat@gmail.com
Üzenet: jj

=== Új üzenet: 2026-02-07 20:12:45 ===
Név: Endi
Email: endy_311@hotmail.com
Üzenet: Próba

=== Új üzenet: 2026-02-07 20:13:59 ===
Név: Kárai Endre
Email: endy_311@hotmail.com
Üzenet: Szia! Szeretnék érdeklődni!

=== Új üzenet: 2026-02-07 20:16:56 ===
Név: Kovraz
Email: byekovraz@gmail.com
Üzenet: Szia

=== Új üzenet: 2026-02-07 20:33:47 ===
Név: Endi
Email: endy_311@hotmail.com
Üzenet: asd

=== Új üzenet: 2026-02-07 20:40:15 ===
Név: Endiiii
Email: karaiendi@gmail.com
Üzenet: ASDASDASD

=== Új üzenet: 2026-02-07 20:44:54 ===
Név: Kovraz
Email: byekovrat@gmail.com
Üzenet: Szia

=== Új üzenet: 2026-02-07 20:45:22 ===
Név: Kovrat
Email: byekovrat@gmail.com
Üzenet: Szia

=== Új üzenet: 2026-02-07 20:52:41 ===
Név: Kovrat
Email: byekovrat@gmail.com
Üzenet: Van iphone 15 re fólia?

=== Új üzenet: 2026-02-07 21:17:18 ===
Név: Rea
Email: erna.rea84@gmail.com
Üzenet: Szia. Van iPhone 15 fólia? És mennyibe kerül?

=== Új üzenet: 2026-02-07 21:35:37 ===
Név: Rea
Email: erna.rea84@gmail.com
Üzenet: Szia. Van iPhone 15 fólia? És mennyibe kerül?

=== Új üzenet: 2026-02-07 21:41:09 ===
Név: Rita
Email: karainerita@gmail.com
Üzenet: Sziaa

=== Új üzenet: 2026-02-07 21:47:16 ===
Név: Endi
Email: karaiendi@gmail.com
Üzenet: Időpont foglalás érkezett a Darázssimogatóra!
Csomag: Haladó

=== Új üzenet: 2026-02-07 22:21:18 ===
Név: Szabó Kovrat Kende
Email: byekovrat@gmail.com
Üzenet: Nem lett jó a fólia amit választottam. Szeretném ki cseréltetni. Megoldható?

=== Új üzenet: 2026-02-07 22:27:52 ===
Név: Zerénd
Email: zerend@gmail.com
Üzenet: Rosz lett a folia

=== Új üzenet: 2026-02-07 22:29:36 ===
Név: Zerend
Email: szabozerenderedeti@gmail.com
Üzenet: Rosz lett a folia

=== Új üzenet: 2026-02-07 22:58:08 ===
Név: sdsdd
Email: byekovrat@gmail.com
Üzenet: ss

=== Új üzenet: 2026-02-07 23:00:10 ===
Név: ww
Email: byekovrat@gmail.com
Üzenet: wtt

=== Új üzenet: 2026-02-07 23:03:43 ===
Név: ss
Email: byekovrat@gmail.com
Üzenet: ss

=== Új üzenet: 2026-02-07 23:06:35 ===
Név: 44
Email: byekovrat@gmail.com
Üzenet: ee

=== Új üzenet: 2026-02-07 23:20:54 ===
Név: Szabó Kovrat Kende
Email: byekovrat@gmail.com
Üzenet: dddd

=== Új üzenet: 2026-02-07 23:41:39 ===
Név: ee
Email: byekovrat@gmail.com
Üzenet: ee

=== Új üzenet: 2026-02-08 13:27:22 ===
Név: kovrat
Email: byekovrat@gmail.com
Üzenet: dd

=== Új üzenet: 2026-02-08 13:28:43 ===
Név: s
Email: byekovrat@gmail.com
Üzenet: ss

=== Új üzenet: 2026-02-08 13:37:56 ===
Név: f
Email: byekovrat@gmail.com
Telefon: Nincs megadva
Üzenet: f

=== Új üzenet: 2026-02-08 13:42:54 ===
Név: d
Email: byekovrat@gmail.com
Telefon: Nincs megadva
Üzenet: d

=== Új üzenet: 2026-02-08 13:46:11 ===
Név: r
Email: byekovrat@gmail.com
Telefon: Nincs megadva
Üzenet: r

=== Új üzenet: 2026-02-08 13:53:59 ===
Név: d
Email: byekovrat@gmail.com
Telefon: Nincs megadva
Üzenet: d

=== Új üzenet: 2026-02-08 13:55:32 ===
Név: kovrat
Email: byekovrat@gmail.com
Telefon: Nincs megadva
Üzenet: sziasztok

=== Új RENDELÉS: 2026-02-08 14:18:23 ===
Név: szabó kovrat
Email: byekovrat@gmail.com
Telefon: +36306865192
Cím: 5310 Kisújszállás
Termékek:
- iPhone iPhone 15: Premium Tempered Glass (2 990 Ft)
- iPhone iPhone 15: Privacy Screen Protector (4 490 Ft)
- iPhone iPhone 15: Anti-Blue Light Glass (3 990 Ft)
 Összesen: 11 470 Ft

=== Új RENDELÉS: 2026-02-08 14:19:42 ===
Név: Szabó Kovrat
Email: byekovraz@gmail.com
Telefon: +36306865192
Cím: 5310 Kisújszálla
Termékek:
- iPhone iPhone 15: Premium Tempered Glass (2 990 Ft)
- iPhone iPhone 15: Premium Tempered Glass (2 990 Ft)
 Összesen: 5 980 Ft

=== Új RENDELÉS: 2026-02-08 14:22:26 ===
Név: Szabó Zerénd
Email: szabozerenderedeti@gmail.com
Telefon: +36306865192
Cím: 5310 Kisujszallas
Termékek:
- iPhone iPhone 11: Vékony Szilikon Tok (3 990 Ft)
 Összesen: 3 990 Ft

=== Új RENDELÉS: 2026-02-08 14:52:17 ===
Név: Hb
Email: byekobraz@gam.com
Telefon: 66
Cím: Hb
Termékek:
- iPhone iPhone 14 Pro: Premium Tempered Glass (2 990 Ft)
 Összesen: 2 990 Ft

=== Új üzenet: 2026-02-08 14:52:38 ===
Név: Hh
Email: byekobtaz@gmail.com
Telefon: Nincs megadva
Üzenet: J

=== Új üzenet: 2026-02-08 14:53:11 ===
Név: ff
Email: byekovrat@gmail.com
Telefon: Nincs megadva
Üzenet: dd

=== Új üzenet: 2026-02-08 14:53:57 ===
Név: szabó kovrat
Email: byekovrat@gmail.com
Telefon: Nincs megadva
Üzenet: szia

=== Új RENDELÉS: 2026-02-08 14:54:39 ===
Név: szabó kovrat
Email: byekovrat@gmail.com
Telefon: +36306865192
Cím: 3
Termékek:
- Samsung Galaxy S25: Mágneses Ütésálló Tok (7 990 Ft)
- Samsung Galaxy S25: Privacy Screen Protector (4 490 Ft)
 Összesen: 12 480 Ft

=== Új RENDELÉS: 2026-02-08 14:56:54 ===
Név: szabó kovrat
Email: byekovrat@gmail.com
Telefon: +36306865192
Cím: 5310. Kisújszállás. Deák Ferenc u. 141.
Termékek:
- iPhone iPhone 16: Premium Tempered Glass (2 990 Ft)
- iPhone iPhone 16: Vékony Szilikon Tok (3 990 Ft)
- iPhone iPhone 16: Mágneses Ütésálló Tok (7 990 Ft)
- Samsung Galaxy S24: Premium Tempered Glass (2 990 Ft)
- Samsung Galaxy S24: Vékony Szilikon Tok (3 990 Ft)
- Samsung Galaxy S24: Mágneses Ütésálló Tok (7 990 Ft)
 Összesen: 29 940 Ft

=== Új RENDELÉS: 2026-02-08 14:59:00 ===
Név: Szabó Kovrat
Email: byekovraz@gmail.com
Telefon: +36306865192
Cím: 5310 Kisújszállás
Termékek:
- iPhone iPhone 16: Premium Tempered Glass (2 990 Ft)
- iPhone iPhone 16: Vékony Szilikon Tok (3 990 Ft)
 Összesen: 6 980 Ft

=== Új üzenet: 2026-02-08 15:02:23 ===
Név: Kovrat
Email: byekovrat@gmail.com
Telefon: Nincs megadva
Üzenet: Yhj

=== Új RENDELÉS: 2026-02-08 15:02:57 ===
Név: Szabó Kovrat
Email: byekovraz@gmail.com
Telefon: +36306865192
Cím: Skke
Termékek:
- iPhone iPhone 14 Pro: Premium Tempered Glass (2 990 Ft)
 Összesen: 2 990 Ft

=== Új RENDELÉS: 2026-02-08 15:04:09 ===
Név: szabó kovrat
Email: byekovrat@gmail.com
Telefon: +36306865192
Cím: gg
Termékek:
- iPhone iPhone 14 Pro: Premium Tempered Glass (2 990 Ft)
 Összesen: 2 990 Ft

=== Új RENDELÉS: 2026-02-08 15:07:28 ===
Név: Szabó Kovrat
Email: byekovraz@gmail.com
Telefon: +36306865192
Cím: Kisújszállás
Termékek:
- iPhone iPhone 14 Pro: Premium Tempered Glass (2 990 Ft)
 Összesen: 2 990 Ft

=== Új üzenet: 2026-02-08 15:07:52 ===
Név: Szabó kovtat
Email: byekovra@gmail.com
Telefon: Nincs megadva
Üzenet: Szia

=== Új RENDELÉS: 2026-02-08 15:09:41 ===
Név: szabó kovrat
Email: byekovrat@gmail.com
Telefon: +36306865192
Cím: j
Termékek:
- iPhone iPhone 14 Pro Max: Premium Tempered Glass (2 990 Ft)
 Összesen: 2 990 Ft

=== Új üzenet: 2026-02-08 15:10:02 ===
Név: d
Email: byekovrat@gmail.com
Telefon: Nincs megadva
Üzenet: d

=== Új RENDELÉS: 2026-02-08 15:19:32 ===
Név: Kovrat
Email: byekovraz@gmail.com
Telefon: +36306865192
Cím: 5310
Termékek:
- Samsung Galaxy S24: Vékony Szilikon Tok (3 990 Ft)
 Összesen: 3 990 Ft

=== Új üzenet: 2026-02-08 15:25:09 ===
Név: Kovrat
Email: byekobraz@gmail.com
Telefon: Nincs megadva
Üzenet: Szia

=== Új RENDELÉS: 2026-02-08 15:25:43 ===
Név: szabó kovrat
Email: byekovrat@gmail.com
Telefon: +36306865192
Cím: 5310
Termékek:
- iPhone iPhone 16: Privacy Screen Protector (4 490 Ft)
 Összesen: 4 490 Ft

=== Új RENDELÉS: 2026-02-08 15:31:08 ===
Név: Szabó Kovrat
Email: byekovraz@gmail.com
Telefon: +36306865192
Cím: 5310
Termékek:
- iPhone iPhone 16: Premium Tempered Glass (2 990 Ft)
 Összesen: 2 990 Ft

=== Új RENDELÉS: 2026-02-08 15:32:05 ===
Név: szabó kovrat
Email: byekovrat@gmail.com
Telefon: +36306865192
Cím: 5310
Termékek:
- iPhone iPhone 17 Plus: Premium Tempered Glass (2 990 Ft)
 Összesen: 2 990 Ft

=== Új RENDELÉS: 2026-02-08 15:41:35 ===
Név: Zerénd
Email: szabozerenderedeti@gmail.com
Telefon: +36306865192
Cím: 5310 Kisújszállás
Termékek:
- iPhone iPhone 15: Privacy Screen Protector (4 490 Ft)
 Összesen: 4 490 Ft

=== Új üzenet: 2026-02-08 15:42:51 ===
Név: Zerend
Email: szabozerenderedeti@gamil.com
Telefon: Nincs megadva
Üzenet: Szai

=== Új RENDELÉS: 2026-02-08 15:44:09 ===
Név: Kovrat
Email: byekovraz@gmail.com
Telefon: +36306865192
Cím: Tz
Termékek:
- iPhone iPhone 14 Pro: Premium Tempered Glass (2 990 Ft)
 Összesen: 2 990 Ft

=== Új RENDELÉS: 2026-02-08 15:45:02 ===
Név: Zerénd
Email: szabozerenderedeti@gmail.com
Telefon: +36306865192
Cím: 5310
Termékek:
- iPhone iPhone 14 Pro: Premium Tempered Glass (2 990 Ft)
 Összesen: 2 990 Ft

=== Új üzenet: 2026-02-08 15:46:01 ===
Név: Zerend
Email: szabozerenderedeti@gmail.com
Telefon: Nincs megadva
Üzenet: Hali

=== Új RENDELÉS: 2026-02-08 19:04:14 ===
Név: Szabó Kovrat
Email: byekovrat@gmail.com
Telefon: +36306865192
Cím: 5310 Kisújszállás
Termékek:
- iPhone iPhone 11: Premium Tempered Glass (2 990 Ft)
- iPhone iPhone 11: Vékony Szilikon Tok (3 990 Ft)
- Samsung Galaxy S24: Vékony Szilikon Tok (3 990 Ft)
- Samsung Galaxy S24: Premium Tempered Glass (2 990 Ft)
- iPhone iPhone 16: Premium Tempered Glass (2 990 Ft)
- iPhone iPhone 16: Vékony Szilikon Tok (3 990 Ft)
- iPhone iPhone 15: Vékony Szilikon Tok (3 990 Ft)
- iPhone iPhone 15: Premium Tempered Glass (2 990 Ft)
 Összesen: 27 920 Ft

=== Új RENDELÉS: 2026-02-08 19:47:12 ===
Név: szabó kovrat
Email: byekovrat@gmail.com
Telefon: +36306865192
Cím: 5310
Termékek:
- iPhone iPhone 17 Pro: Premium Tempered Glass (2 990 Ft)
- iPhone iPhone 17 Pro: Carbon Fiber Tok (5 490 Ft)
- iPhone iPhone 17 Pro: Mágneses Ütésálló Tok (7 990 Ft)
 Összesen: 16 470 Ft
